<?xml version="1.0" encoding="UTF-8"?>
<!-- Generated by org.testng.reporters.JUnitXMLReporter -->
<testsuite ignored="0" hostname="LAPTOP-BQR9MPTT" failures="0" tests="2" name="ParallelExecutionTest1" time="37.569" errors="0" timestamp="2023-09-22T13:26:54 ICT">
  <testcase classname="session2.com.testcases.TestOneWithStaticWebDriver" name="FacebookTest" time="16.259"/>
  <testcase classname="session2.com.testcases.TestOneWithStaticWebDriver" name="GoogleTest" time="18.408"/>
</testsuite> <!-- ParallelExecutionTest1 -->
