<?xml version="1.0" encoding="UTF-8"?>
<!-- Generated by org.testng.reporters.JUnitXMLReporter -->
<testsuite ignored="0" hostname="LAPTOP-BQR9MPTT" failures="0" tests="2" name="Parallel Tests" time="17.331" errors="0" timestamp="2023-09-24T10:16:15 ICT">
  <testcase classname="session2.com.testcases.LoginAppWithPageFactoryTest" name="testLoginPageAppearCorrectWithPageFactory" time="13.689"/>
  <testcase classname="session2.com.testcases.LoginAppWithPageFactoryTest" name="testHomePageAppearCorrectWithPageFactory" time="14.017"/>
</testsuite> <!-- Parallel Tests -->
