<?xml version="1.0" encoding="UTF-8"?>
<!-- Generated by org.testng.reporters.JUnitXMLReporter -->
<testsuite ignored="0" hostname="LAPTOP-BQR9MPTT" failures="0" tests="2" name="Regression Test Chrome" time="16.008" errors="0" timestamp="2023-09-22T13:28:58 ICT">
  <testcase classname="session2.com.testcases.LoginAppWithPageFactoryTest" name="testHomePageAppearCorrectWithPageFactory" time="7.312"/>
  <testcase classname="session2.com.testcases.LoginAppWithPageFactoryTest" name="testLoginPageAppearCorrectWithPageFactory" time="5.101"/>
</testsuite> <!-- Regression Test Chrome -->
