<?xml version="1.0" encoding="UTF-8"?>
<!-- Generated by org.testng.reporters.JUnitXMLReporter -->
<testsuite ignored="0" hostname="LAPTOP-BQR9MPTT" failures="0" tests="3" name="Parallel Tests" time="30.722" errors="0" timestamp="2023-09-24T10:15:41 ICT">
  <testcase classname="session2.com.testcases.LoginAppTest" name="testHomePageAppearCorrect" time="13.34"/>
  <testcase classname="session2.com.testcases.LoginAppWithPageFactoryTest" name="testHomePageAppearCorrectWithPageFactory" time="14.043"/>
  <testcase classname="session2.com.testcases.LoginAppWithPageFactoryTest" name="testLoginPageAppearCorrectWithPageFactory" time="11.851"/>
</testsuite> <!-- Parallel Tests -->
