<?xml version="1.0" encoding="UTF-8"?>
<testsuite xmlns:xsi="http://www.w3.org/2001/XMLSchema-instance" xsi:noNamespaceSchemaLocation="https://maven.apache.org/surefire/maven-surefire-plugin/xsd/surefire-test-report.xsd" name="TestSuite" time="50.507" tests="6" errors="0" skipped="2" failures="1">
  <properties>
[...]
</properties>
  <testcase name="testElementNotInteractableExceptionHandling_usingJavascriptClick" classname="session4.com.testcases.ListenerTest" time="8.502"/>
  <testcase name="testElementNotInteractableExceptionHandling_usingSeleniumClick" classname="session4.com.testcases.ListenerTest" time="13.791">
    <failure message="element not interactable&#10;  (Session info: chrome=119.0.6045.200)&#10;Build info: version: &apos;4.10.0&apos;, revision: &apos;c14d967899&apos;&#10;System info: os.name: &apos;Windows 10&apos;, os.arch: &apos;amd64&apos;, os.version: &apos;10.0&apos;, java.version: &apos;17.0.6&apos;&#10;Driver info: org.openqa.selenium.chrome.ChromeDriver&#10;Command: [e31ecad2c390504394951b3f00a16d61, clickElement {id=3B2E6E5EA26FD242C535220611266FA9_element_14}]&#10;Capabilities {acceptInsecureCerts: false, browserName: chrome, browserVersion: 119.0.6045.200, chrome: {chromedriverVersion: 119.0.6045.105 (38c72552c5e..., userDataDir: C:\WINDOWS\SystemTemp\scope...}, fedcm:accounts: true, goog:chromeOptions: {debuggerAddress: localhost:57182}, networkConnectionEnabled: false, pageLoadStrategy: normal, platformName: windows, proxy: Proxy(), se:cdp: ws://localhost:57182/devtoo..., se:cdpVersion: 119.0.6045.200, setWindowRect: true, strictFileInteractability: false, timeouts: {implicit: 0, pageLoad: 300000, script: 30000}, unhandledPromptBehavior: dismiss and notify, webauthn:extension:credBlob: true, webauthn:extension:largeBlob: true, webauthn:extension:minPinLength: true, webauthn:extension:prf: true, webauthn:virtualAuthenticators: true}&#10;Element: [[ChromeDriver: chrome on windows (e31ecad2c390504394951b3f00a16d61)] -&gt; xpath: //label[@for=&apos;persistent&apos;]//preceding-sibling::input]&#10;Session ID: e31ecad2c390504394951b3f00a16d61" type="org.openqa.selenium.ElementNotInteractableException">org.openqa.selenium.ElementNotInteractableException: 
element not interactable
  (Session info: chrome=119.0.6045.200)
Build info: version: '4.10.0', revision: 'c14d967899'
System info: os.name: 'Windows 10', os.arch: 'amd64', os.version: '10.0', java.version: '17.0.6'
Driver info: org.openqa.selenium.chrome.ChromeDriver
Command: [e31ecad2c390504394951b3f00a16d61, clickElement {id=3B2E6E5EA26FD242C535220611266FA9_element_14}]
Capabilities {acceptInsecureCerts: false, browserName: chrome, browserVersion: 119.0.6045.200, chrome: {chromedriverVersion: 119.0.6045.105 (38c72552c5e..., userDataDir: C:\WINDOWS\SystemTemp\scope...}, fedcm:accounts: true, goog:chromeOptions: {debuggerAddress: localhost:57182}, networkConnectionEnabled: false, pageLoadStrategy: normal, platformName: windows, proxy: Proxy(), se:cdp: ws://localhost:57182/devtoo..., se:cdpVersion: 119.0.6045.200, setWindowRect: true, strictFileInteractability: false, timeouts: {implicit: 0, pageLoad: 300000, script: 30000}, unhandledPromptBehavior: dismiss and notify, webauthn:extension:credBlob: true, webauthn:extension:largeBlob: true, webauthn:extension:minPinLength: true, webauthn:extension:prf: true, webauthn:virtualAuthenticators: true}
Element: [[ChromeDriver: chrome on windows (e31ecad2c390504394951b3f00a16d61)] -> xpath: //label[@for='persistent']//preceding-sibling::input]
Session ID: e31ecad2c390504394951b3f00a16d61
	at session4.com.testcases.ListenerTest.testElementNotInteractableExceptionHandling_usingSeleniumClick(ListenerTest.java:17)
</failure>
    <system-out><![CDATA[[INFO] 01-12-2023 21:30:17 [LogUtils] -  --- Starting: closeDriver
[INFO] 01-12-2023 21:30:17 [LogUtils] -  --- Ending: closeDriver
[INFO] 01-12-2023 21:30:17 [LogUtils] -  --- Starting: createDriver
[INFO] 01-12-2023 21:30:19 [LogUtils] -  --- Ending: createDriver
[INFO] 01-12-2023 21:30:19 [LogUtils] - Test case:  is starting...
[INFO] 01-12-2023 21:30:19 [LogUtils] -  --- Starting: testElementNotInteractableExceptionHandling_usingSeleniumClick
[INFO] 01-12-2023 21:30:32 [LogUtils] - Open URL: https://login.yahoo.com/
[INFO] 01-12-2023 21:30:32 [LogUtils] -  --- Ending: testElementNotInteractableExceptionHandling_usingSeleniumClick
[ERROR] 01-12-2023 21:30:32 [LogUtils] - Test case:  is failed.
[INFO] 01-12-2023 21:30:32 [LogUtils] - No Folder: C:\Users\Lenovo\eclipse-workspace\ArtSelenium4\ExportData/Images
[INFO] 01-12-2023 21:30:32 [LogUtils] - Folder created: C:\Users\Lenovo\eclipse-workspace\ArtSelenium4\ExportData\Images
[INFO] 01-12-2023 21:30:32 [LogUtils] - Driver for Screenshot: ChromeDriver: chrome on windows (e31ecad2c390504394951b3f00a16d61)
[INFO] 01-12-2023 21:30:32 [LogUtils] - Screenshot taken: testElementNotInteractableExceptionHandling_usingSeleniumClick
[INFO] 01-12-2023 21:30:32 [LogUtils] - Screenshot taken current URL: https://login.yahoo.com/
[ERROR] 01-12-2023 21:30:32 [LogUtils] - FAILED !! Screenshot for test case: testElementNotInteractableExceptionHandling_usingSeleniumClick
[ERROR] 01-12-2023 21:30:32 [LogUtils] - org.openqa.selenium.ElementNotInteractableException: element not interactable
  (Session info: chrome=119.0.6045.200)
Build info: version: '4.10.0', revision: 'c14d967899'
System info: os.name: 'Windows 10', os.arch: 'amd64', os.version: '10.0', java.version: '17.0.6'
Driver info: org.openqa.selenium.chrome.ChromeDriver
Command: [e31ecad2c390504394951b3f00a16d61, clickElement {id=3B2E6E5EA26FD242C535220611266FA9_element_14}]
Capabilities {acceptInsecureCerts: false, browserName: chrome, browserVersion: 119.0.6045.200, chrome: {chromedriverVersion: 119.0.6045.105 (38c72552c5e..., userDataDir: C:\WINDOWS\SystemTemp\scope...}, fedcm:accounts: true, goog:chromeOptions: {debuggerAddress: localhost:57182}, networkConnectionEnabled: false, pageLoadStrategy: normal, platformName: windows, proxy: Proxy(), se:cdp: ws://localhost:57182/devtoo..., se:cdpVersion: 119.0.6045.200, setWindowRect: true, strictFileInteractability: false, timeouts: {implicit: 0, pageLoad: 300000, script: 30000}, unhandledPromptBehavior: dismiss and notify, webauthn:extension:credBlob: true, webauthn:extension:largeBlob: true, webauthn:extension:minPinLength: true, webauthn:extension:prf: true, webauthn:virtualAuthenticators: true}
Element: [[ChromeDriver: chrome on windows (e31ecad2c390504394951b3f00a16d61)] -> xpath: //label[@for='persistent']//preceding-sibling::input]
Session ID: e31ecad2c390504394951b3f00a16d61
[INFO] 01-12-2023 21:30:32 [LogUtils] - Driver for Screenshot: ChromeDriver: chrome on windows (e31ecad2c390504394951b3f00a16d61)
[INFO] 01-12-2023 21:30:33 [LogUtils] - Screenshot taken: testElementNotInteractableExceptionHandling_usingSeleniumClick
[INFO] 01-12-2023 21:30:33 [LogUtils] - Screenshot taken current URL: https://login.yahoo.com/
---Path: http://localhost:8080/job/Test1/ws/ExportData/Images\testElementNotInteractableExceptionHandling_usingSeleniumClick_01-12-2023 21-30-33.png
]]></system-out>
    <system-err><![CDATA[[main] INFO io.github.bonigarcia.wdm.WebDriverManager - Using chromedriver 119.0.6045.105 (resolved driver for Chrome 119)
[main] INFO io.github.bonigarcia.wdm.WebDriverManager - Exporting webdriver.chrome.driver as C:\WINDOWS\system32\config\systemprofile\.cache\selenium\chromedriver\win64\119.0.6045.105\chromedriver.exe
Dec 01, 2023 9:30:17 PM org.openqa.selenium.remote.service.DriverService$Builder getLogOutput
INFO: Driver logs no longer sent to console by default; https://www.selenium.dev/documentation/webdriver/drivers/service/#setting-log-output
Dec 01, 2023 9:30:19 PM org.openqa.selenium.devtools.CdpVersionFinder findNearestMatch
WARNING: Unable to find CDP implementation matching 119
Dec 01, 2023 9:30:19 PM org.openqa.selenium.chromium.ChromiumDriver lambda$new$4
WARNING: Unable to find version of CDP to use for . You may need to include a dependency on a specific version of the CDP using something similar to `org.seleniumhq.selenium:selenium-devtools-v86:4.10.0` where the version ("v86") matches the version of the chromium-based browser you're using and the version number of the artifact is the same as Selenium's.
]]></system-err>
  </testcase>
  <testcase name="testSkipTestCase" classname="session4.com.testcases.ListenerTest" time="0">
    <skipped message="Test voluntarily skipped."/>
    <system-out><![CDATA[[INFO] 01-12-2023 21:30:33 [LogUtils] -  --- Starting: closeDriver
[INFO] 01-12-2023 21:30:33 [LogUtils] -  --- Ending: closeDriver
[INFO] 01-12-2023 21:30:33 [LogUtils] -  --- Starting: createDriver
[INFO] 01-12-2023 21:30:34 [LogUtils] -  --- Ending: createDriver
[INFO] 01-12-2023 21:30:34 [LogUtils] - Test case:  is starting...
[INFO] 01-12-2023 21:30:34 [LogUtils] -  --- Starting: testSkipTestCase
[INFO] 01-12-2023 21:30:34 [LogUtils] -  --- Ending: testSkipTestCase
[WARN] 01-12-2023 21:30:34 [LogUtils] - Test case:  is skipped.
[INFO] 01-12-2023 21:30:34 [LogUtils] - Driver for Screenshot: ChromeDriver: chrome on windows (625fdaf96e5c3d00777b65700fd6ae69)
[INFO] 01-12-2023 21:30:34 [LogUtils] - Screenshot taken: testSkipTestCase
[INFO] 01-12-2023 21:30:34 [LogUtils] - Screenshot taken current URL: data:,
]]></system-out>
    <system-err><![CDATA[[main] INFO io.github.bonigarcia.wdm.WebDriverManager - Using chromedriver 119.0.6045.105 (resolved driver for Chrome 119)
[main] INFO io.github.bonigarcia.wdm.WebDriverManager - Exporting webdriver.chrome.driver as C:\WINDOWS\system32\config\systemprofile\.cache\selenium\chromedriver\win64\119.0.6045.105\chromedriver.exe
Dec 01, 2023 9:30:33 PM org.openqa.selenium.remote.service.DriverService$Builder getLogOutput
INFO: Driver logs no longer sent to console by default; https://www.selenium.dev/documentation/webdriver/drivers/service/#setting-log-output
Dec 01, 2023 9:30:34 PM org.openqa.selenium.devtools.CdpVersionFinder findNearestMatch
WARNING: Unable to find CDP implementation matching 119
Dec 01, 2023 9:30:34 PM org.openqa.selenium.chromium.ChromiumDriver lambda$new$4
WARNING: Unable to find version of CDP to use for . You may need to include a dependency on a specific version of the CDP using something similar to `org.seleniumhq.selenium:selenium-devtools-v86:4.10.0` where the version ("v86") matches the version of the chromium-based browser you're using and the version number of the artifact is the same as Selenium's.
]]></system-err>
  </testcase>
  <testcase name="testStaleElementReferenceExceptionHandling_skipTestCase" classname="session4.com.testcases.ListenerTest_SuiteLevel" time="0">
    <skipped message="Test voluntarily skipped."/>
    <system-out><![CDATA[[INFO] 01-12-2023 21:30:34 [LogUtils] -  --- Starting: closeDriver
[INFO] 01-12-2023 21:30:34 [LogUtils] -  --- Ending: closeDriver
[INFO] 01-12-2023 21:30:34 [LogUtils] -  --- Starting: createDriver
[INFO] 01-12-2023 21:30:35 [LogUtils] -  --- Ending: createDriver
[INFO] 01-12-2023 21:30:35 [LogUtils] - Test case:  is starting...
[INFO] 01-12-2023 21:30:35 [LogUtils] -  --- Starting: testStaleElementReferenceExceptionHandling_skipTestCase
[INFO] 01-12-2023 21:30:35 [LogUtils] -  --- Ending: testStaleElementReferenceExceptionHandling_skipTestCase
[WARN] 01-12-2023 21:30:35 [LogUtils] - Test case:  is skipped.
[INFO] 01-12-2023 21:30:35 [LogUtils] - Driver for Screenshot: ChromeDriver: chrome on windows (65cdabf145f4b93e282005b9d539cbfe)
[INFO] 01-12-2023 21:30:35 [LogUtils] - Screenshot taken: testStaleElementReferenceExceptionHandling_skipTestCase
[INFO] 01-12-2023 21:30:35 [LogUtils] - Screenshot taken current URL: data:,
]]></system-out>
    <system-err><![CDATA[[main] INFO io.github.bonigarcia.wdm.WebDriverManager - Using chromedriver 119.0.6045.105 (resolved driver for Chrome 119)
[main] INFO io.github.bonigarcia.wdm.WebDriverManager - Exporting webdriver.chrome.driver as C:\WINDOWS\system32\config\systemprofile\.cache\selenium\chromedriver\win64\119.0.6045.105\chromedriver.exe
Dec 01, 2023 9:30:34 PM org.openqa.selenium.remote.service.DriverService$Builder getLogOutput
INFO: Driver logs no longer sent to console by default; https://www.selenium.dev/documentation/webdriver/drivers/service/#setting-log-output
Dec 01, 2023 9:30:35 PM org.openqa.selenium.devtools.CdpVersionFinder findNearestMatch
WARNING: Unable to find CDP implementation matching 119
Dec 01, 2023 9:30:35 PM org.openqa.selenium.chromium.ChromiumDriver lambda$new$4
WARNING: Unable to find version of CDP to use for . You may need to include a dependency on a specific version of the CDP using something similar to `org.seleniumhq.selenium:selenium-devtools-v86:4.10.0` where the version ("v86") matches the version of the chromium-based browser you're using and the version number of the artifact is the same as Selenium's.
]]></system-err>
  </testcase>
  <testcase name="testStaleElementReferenceExceptionHandling_usingExplicitWait" classname="session4.com.testcases.ListenerTest_SuiteLevel" time="7.281"/>
  <testcase name="testStaleElementReferenceExceptionHandling_usingTryCatch" classname="session4.com.testcases.ListenerTest_SuiteLevel" time="7.805"/>
</testsuite>