<?xml version="1.0" encoding="UTF-8"?>
<testsuite xmlns:xsi="http://www.w3.org/2001/XMLSchema-instance" xsi:noNamespaceSchemaLocation="https://maven.apache.org/surefire/maven-surefire-plugin/xsd/surefire-test-report-3.0.xsd" version="3.0" name="TestSuite" time="27.618" tests="5" errors="0" skipped="1" failures="2">
  <properties>
[...]
</properties>
  <testcase name="testTestCase_Pass" classname="session4.com.testcases.ListenerTest_ClassLevel" time="3.917">
    <system-out><![CDATA[Data From FrameworkConstants: {TARGET=local, RETRY_TEST_FAIL=1, OVERRIDE_REPORTS=yes, SEND_EMAIL_TO_USERS=no, WAIT_DEFAULT=5, REMOTE_PORT=4444, VIDEO_RECORD=no, SCREENSHOT_ALL_STEPS=no, EXTENT_REPORT_NAME=ExtentReports, EXPORT_VIDEO_PATH=ExportData/Videos, EXPORT_CAPTURE_PATH=ExportData/Images, WAIT_PAGE_LOADED=40, SCREENSHOT_PASSED_STEPS=no, EXTENT_REPORT_FOLDER=reports/ExtentReports, DOWNLOAD_FOLDER_PATH=downloads, WAIT_EXPLICIT=20, BROWSER=chrome, SCREENSHOT_SKIPPED_STEPS=yes, REPORT_TITLE=Report | Automation Framework Selenium, AUTHOR=Selenium4, EXCEL_DATA_FILE_PATH=src/test/resources/testData/ClientsDataExcel.xlsx, WAIT_IMPLICIT=20, PROJECT_NAME=Automation Framework Selenium, HEADLESS=false, REMOTE_URL=192.168.1.14, SCREENSHOT_FAILED_STEPS=yes, JSON_DATA_FILE_PATH=src/test/resources/config/database.json, ACTIVE_PAGE_LOADED=true, URL_CRM=https://rise.fairsketch.com/signin, WAIT_SLEEP_STEP=0, OPEN_REPORTS_AFTER_EXECUTION=no, LOCATE=vi}
========= INSTALLING CONFIGURATION DATA =========
OVERRIDE EXTENT REPORTS = yes
Link Extent Report: C:\Users\Lenovo\eclipse-workspace\ArtSelenium4\reports/ExtentReports\ExtentReports.html
Extent Reports is installed.
========= INSTALLED CONFIGURATION DATA =========

[INFO] 13-12-2023 08:13:14 [LogUtils] - Starting Suite: Suite
========= INSTALLING CONFIGURATION DATA =========
Allure environment data saved.
Allure Reports is installed.
========= INSTALLED CONFIGURATION DATA =========

[INFO] 13-12-2023 08:13:15 [LogUtils] - Starting Suite: Suite
[INFO] 13-12-2023 08:13:15 [LogUtils] -  --- Starting: createDriver
[INFO] 13-12-2023 08:13:17 [LogUtils] -  --- Ending: createDriver
[INFO] 13-12-2023 08:13:17 [LogUtils] - Test case: verifying clicking check box using Javascript is starting...
[INFO] 13-12-2023 08:13:17 [LogUtils] - Test case: verifying clicking check box using Javascript is starting...
[INFO] 13-12-2023 08:13:17 [LogUtils] -  --- Starting: testTestCase_Pass
[INFO] 13-12-2023 08:13:20 [LogUtils] - Open URL: https://login.yahoo.com/
[INFO] 13-12-2023 08:13:20 [LogUtils] - Click on element with JS: By.xpath: //label[@for='persistent']//preceding-sibling::input
Checkbox is not checked
[INFO] 13-12-2023 08:13:21 [LogUtils] - Click on element with JS: By.xpath: //label[@for='persistent']//preceding-sibling::input
Checkbox is checked
[INFO] 13-12-2023 08:13:21 [LogUtils] -  --- Ending: testTestCase_Pass
[INFO] 13-12-2023 08:13:21 [LogUtils] - Test case: verifying clicking check box using Javascript is passed.
]]></system-out>
    <system-err><![CDATA[[main] INFO io.github.bonigarcia.wdm.WebDriverManager - Using chromedriver 120.0.6099.71 (resolved driver for Chrome 120)
[main] INFO io.github.bonigarcia.wdm.WebDriverManager - Exporting webdriver.chrome.driver as C:\Users\Lenovo\.cache\selenium\chromedriver\win64\120.0.6099.71\chromedriver.exe
]]></system-err>
  </testcase>
  <testcase name="testTestCase_Fail" classname="session4.com.testcases.ListenerTest_ClassLevel" time="2.204">
    <failure message="element not interactable&#10;  (Session info: chrome=120.0.6099.71)&#10;Build info: version: &apos;4.16.1&apos;, revision: &apos;9b4c83354e&apos;&#10;System info: os.name: &apos;Windows 10&apos;, os.arch: &apos;amd64&apos;, os.version: &apos;10.0&apos;, java.version: &apos;17.0.6&apos;&#10;Driver info: org.openqa.selenium.chrome.ChromeDriver&#10;Command: [73a158c32ea2850503653502fd7eb05d, clickElement {id=01684A33FBDD0636D18B8ED7CB5095CF_element_14}]&#10;Capabilities {acceptInsecureCerts: false, browserName: chrome, browserVersion: 120.0.6099.71, chrome: {chromedriverVersion: 120.0.6099.71 (9729082fe617..., userDataDir: C:\Users\Lenovo\AppData\Loc...}, fedcm:accounts: true, goog:chromeOptions: {debuggerAddress: localhost:52705}, networkConnectionEnabled: false, pageLoadStrategy: normal, platformName: windows, proxy: Proxy(), se:cdp: ws://localhost:52705/devtoo..., se:cdpVersion: 120.0.6099.71, setWindowRect: true, strictFileInteractability: false, timeouts: {implicit: 0, pageLoad: 300000, script: 30000}, unhandledPromptBehavior: dismiss and notify, webauthn:extension:credBlob: true, webauthn:extension:largeBlob: true, webauthn:extension:minPinLength: true, webauthn:extension:prf: true, webauthn:virtualAuthenticators: true}&#10;Element: [[ChromeDriver: chrome on windows (73a158c32ea2850503653502fd7eb05d)] -&gt; xpath: //label[@for=&apos;persistent&apos;]//preceding-sibling::input]&#10;Session ID: 73a158c32ea2850503653502fd7eb05d" type="org.openqa.selenium.ElementNotInteractableException"><![CDATA[org.openqa.selenium.ElementNotInteractableException: 
element not interactable
  (Session info: chrome=120.0.6099.71)
Build info: version: '4.16.1', revision: '9b4c83354e'
System info: os.name: 'Windows 10', os.arch: 'amd64', os.version: '10.0', java.version: '17.0.6'
Driver info: org.openqa.selenium.chrome.ChromeDriver
Command: [73a158c32ea2850503653502fd7eb05d, clickElement {id=01684A33FBDD0636D18B8ED7CB5095CF_element_14}]
Capabilities {acceptInsecureCerts: false, browserName: chrome, browserVersion: 120.0.6099.71, chrome: {chromedriverVersion: 120.0.6099.71 (9729082fe617..., userDataDir: C:\Users\Lenovo\AppData\Loc...}, fedcm:accounts: true, goog:chromeOptions: {debuggerAddress: localhost:52705}, networkConnectionEnabled: false, pageLoadStrategy: normal, platformName: windows, proxy: Proxy(), se:cdp: ws://localhost:52705/devtoo..., se:cdpVersion: 120.0.6099.71, setWindowRect: true, strictFileInteractability: false, timeouts: {implicit: 0, pageLoad: 300000, script: 30000}, unhandledPromptBehavior: dismiss and notify, webauthn:extension:credBlob: true, webauthn:extension:largeBlob: true, webauthn:extension:minPinLength: true, webauthn:extension:prf: true, webauthn:virtualAuthenticators: true}
Element: [[ChromeDriver: chrome on windows (73a158c32ea2850503653502fd7eb05d)] -> xpath: //label[@for='persistent']//preceding-sibling::input]
Session ID: 73a158c32ea2850503653502fd7eb05d
	at java.base/jdk.internal.reflect.NativeConstructorAccessorImpl.newInstance0(Native Method)
	at java.base/jdk.internal.reflect.NativeConstructorAccessorImpl.newInstance(NativeConstructorAccessorImpl.java:77)
	at java.base/jdk.internal.reflect.DelegatingConstructorAccessorImpl.newInstance(DelegatingConstructorAccessorImpl.java:45)
	at java.base/java.lang.reflect.Constructor.newInstanceWithCaller(Constructor.java:499)
	at java.base/java.lang.reflect.Constructor.newInstance(Constructor.java:480)
	at org.openqa.selenium.remote.codec.w3c.W3CHttpResponseCodec.createException(W3CHttpResponseCodec.java:200)
	at org.openqa.selenium.remote.codec.w3c.W3CHttpResponseCodec.decode(W3CHttpResponseCodec.java:133)
	at org.openqa.selenium.remote.codec.w3c.W3CHttpResponseCodec.decode(W3CHttpResponseCodec.java:52)
	at org.openqa.selenium.remote.HttpCommandExecutor.execute(HttpCommandExecutor.java:191)
	at org.openqa.selenium.remote.service.DriverCommandExecutor.invokeExecute(DriverCommandExecutor.java:200)
	at org.openqa.selenium.remote.service.DriverCommandExecutor.execute(DriverCommandExecutor.java:175)
	at org.openqa.selenium.remote.RemoteWebDriver.execute(RemoteWebDriver.java:523)
	at org.openqa.selenium.remote.RemoteWebElement.execute(RemoteWebElement.java:224)
	at org.openqa.selenium.remote.RemoteWebElement.click(RemoteWebElement.java:77)
	at session4.com.testcases.ListenerTest_ClassLevel.testTestCase_Fail(ListenerTest_ClassLevel.java:24)
	at java.base/jdk.internal.reflect.NativeMethodAccessorImpl.invoke0(Native Method)
	at java.base/jdk.internal.reflect.NativeMethodAccessorImpl.invoke(NativeMethodAccessorImpl.java:77)
	at java.base/jdk.internal.reflect.DelegatingMethodAccessorImpl.invoke(DelegatingMethodAccessorImpl.java:43)
	at java.base/java.lang.reflect.Method.invoke(Method.java:568)
	at org.testng.internal.invokers.MethodInvocationHelper.invokeMethod(MethodInvocationHelper.java:139)
	at org.testng.internal.invokers.TestInvoker.invokeMethod(TestInvoker.java:677)
	at org.testng.internal.invokers.TestInvoker.invokeTestMethod(TestInvoker.java:221)
	at org.testng.internal.invokers.MethodRunner.runInSequence(MethodRunner.java:50)
	at org.testng.internal.invokers.TestInvoker$MethodInvocationAgent.invoke(TestInvoker.java:969)
	at org.testng.internal.invokers.TestInvoker.invokeTestMethods(TestInvoker.java:194)
	at org.testng.internal.invokers.TestMethodWorker.invokeTestMethods(TestMethodWorker.java:148)
	at org.testng.internal.invokers.TestMethodWorker.run(TestMethodWorker.java:128)
	at java.base/java.util.ArrayList.forEach(ArrayList.java:1511)
	at org.testng.TestRunner.privateRun(TestRunner.java:829)
	at org.testng.TestRunner.run(TestRunner.java:602)
	at org.testng.SuiteRunner.runTest(SuiteRunner.java:437)
	at org.testng.SuiteRunner.runSequentially(SuiteRunner.java:431)
	at org.testng.SuiteRunner.privateRun(SuiteRunner.java:391)
	at org.testng.SuiteRunner.run(SuiteRunner.java:330)
	at org.testng.SuiteRunnerWorker.runSuite(SuiteRunnerWorker.java:52)
	at org.testng.SuiteRunnerWorker.run(SuiteRunnerWorker.java:95)
	at org.testng.TestNG.runSuitesSequentially(TestNG.java:1256)
	at org.testng.TestNG.runSuitesLocally(TestNG.java:1176)
	at org.testng.TestNG.runSuites(TestNG.java:1099)
	at org.testng.TestNG.run(TestNG.java:1067)
	at org.apache.maven.surefire.testng.TestNGExecutor.run(TestNGExecutor.java:308)
	at org.apache.maven.surefire.testng.TestNGXmlTestSuite.execute(TestNGXmlTestSuite.java:71)
	at org.apache.maven.surefire.testng.TestNGProvider.invoke(TestNGProvider.java:113)
	at org.apache.maven.surefire.booter.ForkedBooter.runSuitesInProcess(ForkedBooter.java:385)
	at org.apache.maven.surefire.booter.ForkedBooter.execute(ForkedBooter.java:162)
	at org.apache.maven.surefire.booter.ForkedBooter.run(ForkedBooter.java:507)
	at org.apache.maven.surefire.booter.ForkedBooter.main(ForkedBooter.java:495)
]]></failure>
    <system-out><![CDATA[[INFO] 13-12-2023 08:13:21 [LogUtils] - Test case: verifying clicking check box using Javascript is passed.
[INFO] 13-12-2023 08:13:21 [LogUtils] -  --- Starting: closeDriver
[INFO] 13-12-2023 08:13:21 [LogUtils] -  --- Ending: closeDriver
[INFO] 13-12-2023 08:13:21 [LogUtils] -  --- Starting: createDriver
[INFO] 13-12-2023 08:13:22 [LogUtils] -  --- Ending: createDriver
[INFO] 13-12-2023 08:13:22 [LogUtils] - Test case: verifying clicking check box using Selenium is starting...
[INFO] 13-12-2023 08:13:22 [LogUtils] - Test case: verifying clicking check box using Selenium is starting...
[INFO] 13-12-2023 08:13:22 [LogUtils] -  --- Starting: testTestCase_Fail
[INFO] 13-12-2023 08:13:24 [LogUtils] - Open URL: https://login.yahoo.com/
[INFO] 13-12-2023 08:13:24 [LogUtils] -  --- Ending: testTestCase_Fail
[ERROR] 13-12-2023 08:13:24 [LogUtils] - Test case: verifying clicking check box using Selenium is failed.
[INFO] 13-12-2023 08:13:24 [LogUtils] - Driver for Screenshot: ChromeDriver: chrome on windows (73a158c32ea2850503653502fd7eb05d)
[INFO] 13-12-2023 08:13:24 [LogUtils] - Screenshot taken: testTestCase_Fail
[INFO] 13-12-2023 08:13:24 [LogUtils] - Screenshot taken current URL: https://login.yahoo.com/
[ERROR] 13-12-2023 08:13:24 [LogUtils] - FAILED !! Screenshot for test case: testTestCase_Fail
[ERROR] 13-12-2023 08:13:24 [LogUtils] - org.openqa.selenium.ElementNotInteractableException: element not interactable
  (Session info: chrome=120.0.6099.71)
Build info: version: '4.16.1', revision: '9b4c83354e'
System info: os.name: 'Windows 10', os.arch: 'amd64', os.version: '10.0', java.version: '17.0.6'
Driver info: org.openqa.selenium.chrome.ChromeDriver
Command: [73a158c32ea2850503653502fd7eb05d, clickElement {id=01684A33FBDD0636D18B8ED7CB5095CF_element_14}]
Capabilities {acceptInsecureCerts: false, browserName: chrome, browserVersion: 120.0.6099.71, chrome: {chromedriverVersion: 120.0.6099.71 (9729082fe617..., userDataDir: C:\Users\Lenovo\AppData\Loc...}, fedcm:accounts: true, goog:chromeOptions: {debuggerAddress: localhost:52705}, networkConnectionEnabled: false, pageLoadStrategy: normal, platformName: windows, proxy: Proxy(), se:cdp: ws://localhost:52705/devtoo..., se:cdpVersion: 120.0.6099.71, setWindowRect: true, strictFileInteractability: false, timeouts: {implicit: 0, pageLoad: 300000, script: 30000}, unhandledPromptBehavior: dismiss and notify, webauthn:extension:credBlob: true, webauthn:extension:largeBlob: true, webauthn:extension:minPinLength: true, webauthn:extension:prf: true, webauthn:virtualAuthenticators: true}
Element: [[ChromeDriver: chrome on windows (73a158c32ea2850503653502fd7eb05d)] -> xpath: //label[@for='persistent']//preceding-sibling::input]
Session ID: 73a158c32ea2850503653502fd7eb05d
]]></system-out>
    <system-err><![CDATA[[main] INFO io.github.bonigarcia.wdm.WebDriverManager - Using chromedriver 120.0.6099.71 (resolved driver for Chrome 120)
[main] INFO io.github.bonigarcia.wdm.WebDriverManager - Exporting webdriver.chrome.driver as C:\Users\Lenovo\.cache\selenium\chromedriver\win64\120.0.6099.71\chromedriver.exe
]]></system-err>
  </testcase>
  <testcase name="testTestCase_Skip" classname="session4.com.testcases.ListenerTest_ClassLevel" time="0.0">
    <skipped message="Test voluntarily skipped."/>
    <system-out><![CDATA[[ERROR] 13-12-2023 08:13:24 [LogUtils] - Test case: verifying clicking check box using Selenium is failed.
[INFO] 13-12-2023 08:13:24 [LogUtils] - Driver for Screenshot: ChromeDriver: chrome on windows (73a158c32ea2850503653502fd7eb05d)
[INFO] 13-12-2023 08:13:24 [LogUtils] - Screenshot taken: testTestCase_Fail
[INFO] 13-12-2023 08:13:24 [LogUtils] - Screenshot taken current URL: https://login.yahoo.com/
[ERROR] 13-12-2023 08:13:24 [LogUtils] - FAILED !! Screenshot for test case: testTestCase_Fail
[ERROR] 13-12-2023 08:13:24 [LogUtils] - org.openqa.selenium.ElementNotInteractableException: element not interactable
  (Session info: chrome=120.0.6099.71)
Build info: version: '4.16.1', revision: '9b4c83354e'
System info: os.name: 'Windows 10', os.arch: 'amd64', os.version: '10.0', java.version: '17.0.6'
Driver info: org.openqa.selenium.chrome.ChromeDriver
Command: [73a158c32ea2850503653502fd7eb05d, clickElement {id=01684A33FBDD0636D18B8ED7CB5095CF_element_14}]
Capabilities {acceptInsecureCerts: false, browserName: chrome, browserVersion: 120.0.6099.71, chrome: {chromedriverVersion: 120.0.6099.71 (9729082fe617..., userDataDir: C:\Users\Lenovo\AppData\Loc...}, fedcm:accounts: true, goog:chromeOptions: {debuggerAddress: localhost:52705}, networkConnectionEnabled: false, pageLoadStrategy: normal, platformName: windows, proxy: Proxy(), se:cdp: ws://localhost:52705/devtoo..., se:cdpVersion: 120.0.6099.71, setWindowRect: true, strictFileInteractability: false, timeouts: {implicit: 0, pageLoad: 300000, script: 30000}, unhandledPromptBehavior: dismiss and notify, webauthn:extension:credBlob: true, webauthn:extension:largeBlob: true, webauthn:extension:minPinLength: true, webauthn:extension:prf: true, webauthn:virtualAuthenticators: true}
Element: [[ChromeDriver: chrome on windows (73a158c32ea2850503653502fd7eb05d)] -> xpath: //label[@for='persistent']//preceding-sibling::input]
Session ID: 73a158c32ea2850503653502fd7eb05d
[INFO] 13-12-2023 08:13:24 [LogUtils] - Driver for Screenshot: ChromeDriver: chrome on windows (73a158c32ea2850503653502fd7eb05d)
[INFO] 13-12-2023 08:13:25 [LogUtils] - Screenshot taken: testTestCase_Fail
[INFO] 13-12-2023 08:13:25 [LogUtils] - Screenshot taken current URL: https://login.yahoo.com/
---Path: C:\Users\Lenovo\eclipse-workspace\ArtSelenium4\ExportData/Images\testTestCase_Fail_13-12-2023 08-13-25.png
[INFO] 13-12-2023 08:13:25 [LogUtils] -  --- Starting: closeDriver
[INFO] 13-12-2023 08:13:25 [LogUtils] -  --- Ending: closeDriver
[INFO] 13-12-2023 08:13:25 [LogUtils] -  --- Starting: createDriver
[INFO] 13-12-2023 08:13:25 [LogUtils] -  --- Ending: createDriver
[INFO] 13-12-2023 08:13:25 [LogUtils] - Test case: verifying skip test case is starting...
[INFO] 13-12-2023 08:13:25 [LogUtils] - Test case: verifying skip test case is starting...
[INFO] 13-12-2023 08:13:25 [LogUtils] -  --- Starting: testTestCase_Skip
[INFO] 13-12-2023 08:13:26 [LogUtils] -  --- Ending: testTestCase_Skip
[WARN] 13-12-2023 08:13:26 [LogUtils] - Test case: verifying skip test case is skipped.
[INFO] 13-12-2023 08:13:26 [LogUtils] - Driver for Screenshot: ChromeDriver: chrome on windows (46b3d40861e56a1031dd022bed8fe1a3)
[INFO] 13-12-2023 08:13:26 [LogUtils] - Screenshot taken: testTestCase_Skip
[INFO] 13-12-2023 08:13:26 [LogUtils] - Screenshot taken current URL: data:,
]]></system-out>
    <system-err><![CDATA[[main] INFO io.github.bonigarcia.wdm.WebDriverManager - Using chromedriver 120.0.6099.71 (resolved driver for Chrome 120)
[main] INFO io.github.bonigarcia.wdm.WebDriverManager - Exporting webdriver.chrome.driver as C:\Users\Lenovo\.cache\selenium\chromedriver\win64\120.0.6099.71\chromedriver.exe
]]></system-err>
  </testcase>
  <testcase name="testStaleElementReferenceExceptionHandling_usingExplicitWait" classname="session4.com.testcases.ListenerTest_SuiteLevel" time="4.032">
    <failure message="expected [After Refresh--failed] but found [After Refresh]" type="java.lang.AssertionError"><![CDATA[java.lang.AssertionError: expected [After Refresh--failed] but found [After Refresh]
	at org.testng.Assert.fail(Assert.java:110)
	at org.testng.Assert.failNotEquals(Assert.java:1577)
	at org.testng.Assert.assertEqualsImpl(Assert.java:149)
	at org.testng.Assert.assertEquals(Assert.java:131)
	at org.testng.Assert.assertEquals(Assert.java:655)
	at org.testng.Assert.assertEquals(Assert.java:665)
	at session4.com.testcases.ListenerTest_SuiteLevel.testStaleElementReferenceExceptionHandling_usingExplicitWait(ListenerTest_SuiteLevel.java:52)
	at java.base/jdk.internal.reflect.NativeMethodAccessorImpl.invoke0(Native Method)
	at java.base/jdk.internal.reflect.NativeMethodAccessorImpl.invoke(NativeMethodAccessorImpl.java:77)
	at java.base/jdk.internal.reflect.DelegatingMethodAccessorImpl.invoke(DelegatingMethodAccessorImpl.java:43)
	at java.base/java.lang.reflect.Method.invoke(Method.java:568)
	at org.testng.internal.invokers.MethodInvocationHelper.invokeMethod(MethodInvocationHelper.java:139)
	at org.testng.internal.invokers.TestInvoker.invokeMethod(TestInvoker.java:677)
	at org.testng.internal.invokers.TestInvoker.invokeTestMethod(TestInvoker.java:221)
	at org.testng.internal.invokers.MethodRunner.runInSequence(MethodRunner.java:50)
	at org.testng.internal.invokers.TestInvoker$MethodInvocationAgent.invoke(TestInvoker.java:969)
	at org.testng.internal.invokers.TestInvoker.invokeTestMethods(TestInvoker.java:194)
	at org.testng.internal.invokers.TestMethodWorker.invokeTestMethods(TestMethodWorker.java:148)
	at org.testng.internal.invokers.TestMethodWorker.run(TestMethodWorker.java:128)
	at java.base/java.util.ArrayList.forEach(ArrayList.java:1511)
	at org.testng.TestRunner.privateRun(TestRunner.java:829)
	at org.testng.TestRunner.run(TestRunner.java:602)
	at org.testng.SuiteRunner.runTest(SuiteRunner.java:437)
	at org.testng.SuiteRunner.runSequentially(SuiteRunner.java:431)
	at org.testng.SuiteRunner.privateRun(SuiteRunner.java:391)
	at org.testng.SuiteRunner.run(SuiteRunner.java:330)
	at org.testng.SuiteRunnerWorker.runSuite(SuiteRunnerWorker.java:52)
	at org.testng.SuiteRunnerWorker.run(SuiteRunnerWorker.java:95)
	at org.testng.TestNG.runSuitesSequentially(TestNG.java:1256)
	at org.testng.TestNG.runSuitesLocally(TestNG.java:1176)
	at org.testng.TestNG.runSuites(TestNG.java:1099)
	at org.testng.TestNG.run(TestNG.java:1067)
	at org.apache.maven.surefire.testng.TestNGExecutor.run(TestNGExecutor.java:308)
	at org.apache.maven.surefire.testng.TestNGXmlTestSuite.execute(TestNGXmlTestSuite.java:71)
	at org.apache.maven.surefire.testng.TestNGProvider.invoke(TestNGProvider.java:113)
	at org.apache.maven.surefire.booter.ForkedBooter.runSuitesInProcess(ForkedBooter.java:385)
	at org.apache.maven.surefire.booter.ForkedBooter.execute(ForkedBooter.java:162)
	at org.apache.maven.surefire.booter.ForkedBooter.run(ForkedBooter.java:507)
	at org.apache.maven.surefire.booter.ForkedBooter.main(ForkedBooter.java:495)
]]></failure>
    <system-out><![CDATA[[WARN] 13-12-2023 08:13:26 [LogUtils] - Test case: verifying skip test case is skipped.
[INFO] 13-12-2023 08:13:26 [LogUtils] - Driver for Screenshot: ChromeDriver: chrome on windows (46b3d40861e56a1031dd022bed8fe1a3)
[INFO] 13-12-2023 08:13:26 [LogUtils] - Screenshot taken: testTestCase_Skip
[INFO] 13-12-2023 08:13:26 [LogUtils] - Screenshot taken current URL: data:,
[INFO] 13-12-2023 08:13:26 [LogUtils] -  --- Starting: closeDriver
[INFO] 13-12-2023 08:13:26 [LogUtils] -  --- Ending: closeDriver
[INFO] 13-12-2023 08:13:26 [LogUtils] -  --- Starting: createDriver
[INFO] 13-12-2023 08:13:27 [LogUtils] -  --- Ending: createDriver
[INFO] 13-12-2023 08:13:27 [LogUtils] - Test case:  is starting...
[INFO] 13-12-2023 08:13:27 [LogUtils] - Test case:  is starting...
[INFO] 13-12-2023 08:13:27 [LogUtils] -  --- Starting: testStaleElementReferenceExceptionHandling_usingExplicitWait
[INFO] 13-12-2023 08:13:28 [LogUtils] - Open URL: https://google.com
[INFO] 13-12-2023 08:13:28 [LogUtils] - Verify element visible By.xpath: //textarea[@id='APjFqb']
--- Before refresh
[INFO] 13-12-2023 08:13:30 [LogUtils] - Reloaded page https://www.google.com/
The string entered from Search Input is - After Refresh
[INFO] 13-12-2023 08:13:30 [LogUtils] -  --- Ending: testStaleElementReferenceExceptionHandling_usingExplicitWait
[ERROR] 13-12-2023 08:13:30 [LogUtils] - Test case:  is failed.
[INFO] 13-12-2023 08:13:30 [LogUtils] - Driver for Screenshot: ChromeDriver: chrome on windows (1cd0640de7925da1d3301f4d0ed23950)
[INFO] 13-12-2023 08:13:30 [LogUtils] - Screenshot taken: testStaleElementReferenceExceptionHandling_usingExplicitWait
[INFO] 13-12-2023 08:13:30 [LogUtils] - Screenshot taken current URL: https://www.google.com/
[ERROR] 13-12-2023 08:13:30 [LogUtils] - FAILED !! Screenshot for test case: testStaleElementReferenceExceptionHandling_usingExplicitWait
[ERROR] 13-12-2023 08:13:30 [LogUtils] - java.lang.AssertionError: expected [After Refresh--failed] but found [After Refresh]
]]></system-out>
    <system-err><![CDATA[[main] INFO io.github.bonigarcia.wdm.WebDriverManager - Using chromedriver 120.0.6099.71 (resolved driver for Chrome 120)
[main] INFO io.github.bonigarcia.wdm.WebDriverManager - Exporting webdriver.chrome.driver as C:\Users\Lenovo\.cache\selenium\chromedriver\win64\120.0.6099.71\chromedriver.exe
]]></system-err>
  </testcase>
  <testcase name="testStaleElementReferenceExceptionHandling_usingTryCatch" classname="session4.com.testcases.ListenerTest_SuiteLevel" time="5.63">
    <system-out><![CDATA[[ERROR] 13-12-2023 08:13:31 [LogUtils] - Test case:  is failed.
[INFO] 13-12-2023 08:13:31 [LogUtils] - Driver for Screenshot: ChromeDriver: chrome on windows (1cd0640de7925da1d3301f4d0ed23950)
[INFO] 13-12-2023 08:13:31 [LogUtils] - Screenshot taken: testStaleElementReferenceExceptionHandling_usingExplicitWait
[INFO] 13-12-2023 08:13:31 [LogUtils] - Screenshot taken current URL: https://www.google.com/
[ERROR] 13-12-2023 08:13:31 [LogUtils] - FAILED !! Screenshot for test case: testStaleElementReferenceExceptionHandling_usingExplicitWait
[ERROR] 13-12-2023 08:13:31 [LogUtils] - java.lang.AssertionError: expected [After Refresh--failed] but found [After Refresh]
[INFO] 13-12-2023 08:13:31 [LogUtils] - Driver for Screenshot: ChromeDriver: chrome on windows (1cd0640de7925da1d3301f4d0ed23950)
[INFO] 13-12-2023 08:13:31 [LogUtils] - Screenshot taken: testStaleElementReferenceExceptionHandling_usingExplicitWait
[INFO] 13-12-2023 08:13:31 [LogUtils] - Screenshot taken current URL: https://www.google.com/
---Path: C:\Users\Lenovo\eclipse-workspace\ArtSelenium4\ExportData/Images\testStaleElementReferenceExceptionHandling_usingExplicitWait_13-12-2023 08-13-31.png
[INFO] 13-12-2023 08:13:31 [LogUtils] -  --- Starting: closeDriver
[INFO] 13-12-2023 08:13:31 [LogUtils] -  --- Ending: closeDriver
[INFO] 13-12-2023 08:13:31 [LogUtils] -  --- Starting: createDriver
[INFO] 13-12-2023 08:13:32 [LogUtils] -  --- Ending: createDriver
[INFO] 13-12-2023 08:13:32 [LogUtils] - Test case:  is starting...
[INFO] 13-12-2023 08:13:32 [LogUtils] - Test case:  is starting...
[INFO] 13-12-2023 08:13:32 [LogUtils] -  --- Starting: testStaleElementReferenceExceptionHandling_usingTryCatch
[INFO] 13-12-2023 08:13:34 [LogUtils] - Open URL: https://google.com
[INFO] 13-12-2023 08:13:34 [LogUtils] - Verify element visible By.xpath: //textarea[@id='APjFqb']
--- Before refresh
[INFO] 13-12-2023 08:13:36 [LogUtils] - Reloaded page https://www.google.com/
[INFO] 13-12-2023 08:13:36 [LogUtils] - Verify element visible By.xpath: //textarea[@id='APjFqb']
The string entered from catch block is - After Refresh
[INFO] 13-12-2023 08:13:37 [LogUtils] -  --- Ending: testStaleElementReferenceExceptionHandling_usingTryCatch
[INFO] 13-12-2023 08:13:37 [LogUtils] - Test case:  is passed.
]]></system-out>
    <system-err><![CDATA[[main] INFO io.github.bonigarcia.wdm.WebDriverManager - Using chromedriver 120.0.6099.71 (resolved driver for Chrome 120)
[main] INFO io.github.bonigarcia.wdm.WebDriverManager - Exporting webdriver.chrome.driver as C:\Users\Lenovo\.cache\selenium\chromedriver\win64\120.0.6099.71\chromedriver.exe
]]></system-err>
  </testcase>
</testsuite>