<?xml version="1.0" encoding="UTF-8"?>
<!-- Generated by org.testng.reporters.JUnitXMLReporter -->
<testsuite ignored="0" hostname="LAPTOP-BQR9MPTT" failures="0" tests="2" name="Regression Test Chrome" time="57.538" errors="0" timestamp="2023-09-24T10:10:48 ICT">
  <testcase classname="session2.com.testcases.LoginAppWithPageFactoryTest" name="testHomePageAppearCorrectWithPageFactory" time="29.161"/>
  <testcase classname="session2.com.testcases.LoginAppWithPageFactoryTest" name="testLoginPageAppearCorrectWithPageFactory" time="23.928"/>
</testsuite> <!-- Regression Test Chrome -->
